# JRE version: OpenJDK Runtime Environment (8.0_152-b06) (build 1.8.0_152-release-1136-b06)
# Java VM: OpenJDK 64-Bit Server VM (25.152-b06 mixed mode windows-amd64 compressed oops)
Heap:
 PSYoungGen      total 220672K, used 14576K [0x00000000e0000000, 0x00000000efc00000, 0x0000000100000000)
  eden space 194560K, 1% used [0x00000000e0000000,0x00000000e036b8c8,0x00000000ebe00000)
  from space 26112K, 42% used [0x00000000ee280000,0x00000000eed507a0,0x00000000efc00000)
  to   space 31744K, 0% used [0x00000000ebe00000,0x00000000ebe00000,0x00000000edd00000)
 ParOldGen       total 155648K, used 67965K [0x00000000a0000000, 0x00000000a9800000, 0x00000000e0000000)
  object space 155648K, 43% used [0x00000000a0000000,0x00000000a425f4f8,0x00000000a9800000)
 Metaspace       used 75430K, capacity 78628K, committed 78808K, reserved 1118208K
  class space    used 10081K, capacity 10731K, committed 10752K, reserved 1048576K
GC Heap History (10 events):
Event: 5.460 GC heap after
Heap after GC invocations=10 (full 2):
 PSYoungGen      total 154112K, used 12798K [0x00000000e0000000, 0x00000000ece00000, 0x0000000100000000)
  eden space 141312K, 0% used [0x00000000e0000000,0x00000000e0000000,0x00000000e8a00000)
  from space 12800K, 99% used [0x00000000e9900000,0x00000000ea57f8a8,0x00000000ea580000)
  to   space 15360K, 0% used [0x00000000e8a00000,0x00000000e8a00000,0x00000000e9900000)
 ParOldGen       total 104960K, used 22317K [0x00000000a0000000, 0x00000000a6680000, 0x00000000e0000000)
  object space 104960K, 21% used [0x00000000a0000000,0x00000000a15cb7d0,0x00000000a6680000)
 Metaspace       used 43266K, capacity 44126K, committed 44248K, reserved 1087488K
  class space    used 5841K, capacity 6094K, committed 6144K, reserved 1048576K
}
Event: 6.967 GC heap before
{Heap before GC invocations=11 (full 2):
 PSYoungGen      total 154112K, used 154110K [0x00000000e0000000, 0x00000000ece00000, 0x0000000100000000)
  eden space 141312K, 100% used [0x00000000e0000000,0x00000000e8a00000,0x00000000e8a00000)
  from space 12800K, 99% used [0x00000000e9900000,0x00000000ea57f8a8,0x00000000ea580000)
  to   space 15360K, 0% used [0x00000000e8a00000,0x00000000e8a00000,0x00000000e9900000)
 ParOldGen       total 104960K, used 22317K [0x00000000a0000000, 0x00000000a6680000, 0x00000000e0000000)
  object space 104960K, 21% used [0x00000000a0000000,0x00000000a15cb7d0,0x00000000a6680000)
 Metaspace       used 53649K, capacity 55230K, committed 55384K, reserved 1097728K
  class space    used 7280K, capacity 7688K, committed 7808K, reserved 1048576K
Event: 6.982 GC heap after
Heap after GC invocations=11 (full 2):
 PSYoungGen      total 156672K, used 15352K [0x00000000e0000000, 0x00000000ecf80000, 0x0000000100000000)
  eden space 141312K, 0% used [0x00000000e0000000,0x00000000e0000000,0x00000000e8a00000)
  from space 15360K, 99% used [0x00000000e8a00000,0x00000000e98fe048,0x00000000e9900000)
  to   space 19968K, 0% used [0x00000000ebc00000,0x00000000ebc00000,0x00000000ecf80000)
 ParOldGen       total 104960K, used 28360K [0x00000000a0000000, 0x00000000a6680000, 0x00000000e0000000)
  object space 104960K, 27% used [0x00000000a0000000,0x00000000a1bb2080,0x00000000a6680000)
 Metaspace       used 53649K, capacity 55230K, committed 55384K, reserved 1097728K
  class space    used 7280K, capacity 7688K, committed 7808K, reserved 1048576K
}
Event: 8.305 GC heap before
{Heap before GC invocations=12 (full 2):
 PSYoungGen      total 156672K, used 106223K [0x00000000e0000000, 0x00000000ecf80000, 0x0000000100000000)
  eden space 141312K, 64% used [0x00000000e0000000,0x00000000e58bdbb8,0x00000000e8a00000)
  from space 15360K, 99% used [0x00000000e8a00000,0x00000000e98fe048,0x00000000e9900000)
  to   space 19968K, 0% used [0x00000000ebc00000,0x00000000ebc00000,0x00000000ecf80000)
 ParOldGen       total 104960K, used 28360K [0x00000000a0000000, 0x00000000a6680000, 0x00000000e0000000)
  object space 104960K, 27% used [0x00000000a0000000,0x00000000a1bb2080,0x00000000a6680000)
 Metaspace       used 57197K, capacity 58820K, committed 59028K, reserved 1099776K
  class space    used 7758K, capacity 8169K, committed 8192K, reserved 1048576K
Event: 8.321 GC heap after
Heap after GC invocations=12 (full 2):
 PSYoungGen      total 188928K, used 19956K [0x00000000e0000000, 0x00000000ed700000, 0x0000000100000000)
  eden space 168960K, 0% used [0x00000000e0000000,0x00000000e0000000,0x00000000ea500000)
  from space 19968K, 99% used [0x00000000ebc00000,0x00000000ecf7d230,0x00000000ecf80000)
  to   space 23552K, 0% used [0x00000000ea500000,0x00000000ea500000,0x00000000ebc00000)
 ParOldGen       total 104960K, used 31353K [0x00000000a0000000, 0x00000000a6680000, 0x00000000e0000000)
  object space 104960K, 29% used [0x00000000a0000000,0x00000000a1e9e7e0,0x00000000a6680000)
 Metaspace       used 57197K, capacity 58820K, committed 59028K, reserved 1099776K
  class space    used 7758K, capacity 8169K, committed 8192K, reserved 1048576K
}
Event: 8.321 GC heap before
{Heap before GC invocations=13 (full 3):
 PSYoungGen      total 188928K, used 19956K [0x00000000e0000000, 0x00000000ed700000, 0x0000000100000000)
  eden space 168960K, 0% used [0x00000000e0000000,0x00000000e0000000,0x00000000ea500000)
  from space 19968K, 99% used [0x00000000ebc00000,0x00000000ecf7d230,0x00000000ecf80000)
  to   space 23552K, 0% used [0x00000000ea500000,0x00000000ea500000,0x00000000ebc00000)
 ParOldGen       total 104960K, used 31353K [0x00000000a0000000, 0x00000000a6680000, 0x00000000e0000000)
  object space 104960K, 29% used [0x00000000a0000000,0x00000000a1e9e7e0,0x00000000a6680000)
 Metaspace       used 57197K, capacity 58820K, committed 59028K, reserved 1099776K
  class space    used 7758K, capacity 8169K, committed 8192K, reserved 1048576K
Event: 8.452 GC heap after
Heap after GC invocations=13 (full 3):
 PSYoungGen      total 188928K, used 0K [0x00000000e0000000, 0x00000000ed700000, 0x0000000100000000)
  eden space 168960K, 0% used [0x00000000e0000000,0x00000000e0000000,0x00000000ea500000)
  from space 19968K, 0% used [0x00000000ebc00000,0x00000000ebc00000,0x00000000ecf80000)
  to   space 23552K, 0% used [0x00000000ea500000,0x00000000ea500000,0x00000000ebc00000)
 ParOldGen       total 155648K, used 36139K [0x00000000a0000000, 0x00000000a9800000, 0x00000000e0000000)
  object space 155648K, 23% used [0x00000000a0000000,0x00000000a234ad38,0x00000000a9800000)
 Metaspace       used 57197K, capacity 58820K, committed 59028K, reserved 1099776K
  class space    used 7758K, capacity 8169K, committed 8192K, reserved 1048576K
}
Event: 14.115 GC heap before
{Heap before GC invocations=14 (full 3):
 PSYoungGen      total 188928K, used 168960K [0x00000000e0000000, 0x00000000ed700000, 0x0000000100000000)
  eden space 168960K, 100% used [0x00000000e0000000,0x00000000ea500000,0x00000000ea500000)
  from space 19968K, 0% used [0x00000000ebc00000,0x00000000ebc00000,0x00000000ecf80000)
  to   space 23552K, 0% used [0x00000000ea500000,0x00000000ea500000,0x00000000ebc00000)
 ParOldGen       total 155648K, used 36139K [0x00000000a0000000, 0x00000000a9800000, 0x00000000e0000000)
  object space 155648K, 23% used [0x00000000a0000000,0x00000000a234ad38,0x00000000a9800000)
 Metaspace       used 69678K, capacity 72502K, committed 72792K, reserved 1112064K
  class space    used 9468K, capacity 10044K, committed 10112K, reserved 1048576K
Event: 14.143 GC heap after
Heap after GC invocations=14 (full 3):
 PSYoungGen      total 192512K, used 23530K [0x00000000e0000000, 0x00000000f0280000, 0x0000000100000000)
  eden space 168960K, 0% used [0x00000000e0000000,0x00000000e0000000,0x00000000ea500000)
  from space 23552K, 99% used [0x00000000ea500000,0x00000000ebbfaa30,0x00000000ebc00000)
  to   space 32768K, 0% used [0x00000000ee280000,0x00000000ee280000,0x00000000f0280000)
 ParOldGen       total 155648K, used 52146K [0x00000000a0000000, 0x00000000a9800000, 0x00000000e0000000)
  object space 155648K, 33% used [0x00000000a0000000,0x00000000a32ec8f0,0x00000000a9800000)
 Metaspace       used 69678K, capacity 72502K, committed 72792K, reserved 1112064K
  class space    used 9468K, capacity 10044K, committed 10112K, reserved 1048576K
}
Event: 50.927 GC heap before
{Heap before GC invocations=15 (full 3):
 PSYoungGen      total 192512K, used 192490K [0x00000000e0000000, 0x00000000f0280000, 0x0000000100000000)
  eden space 168960K, 100% used [0x00000000e0000000,0x00000000ea500000,0x00000000ea500000)
  from space 23552K, 99% used [0x00000000ea500000,0x00000000ebbfaa30,0x00000000ebc00000)
  to   space 32768K, 0% used [0x00000000ee280000,0x00000000ee280000,0x00000000f0280000)
 ParOldGen       total 155648K, used 52146K [0x00000000a0000000, 0x00000000a9800000, 0x00000000e0000000)
  object space 155648K, 33% used [0x00000000a0000000,0x00000000a32ec8f0,0x00000000a9800000)
 Metaspace       used 75430K, capacity 78628K, committed 78808K, reserved 1118208K
  class space    used 10081K, capacity 10731K, committed 10752K, reserved 1048576K

